  main.cpp
d:\icg\icg-assignment\main.cpp(152): warning C4099: 'Entity': type name first seen using 'struct' now seen using 'class'
  d:\icg\icg-assignment\main.cpp(152): note: see declaration of 'Entity'
d:\icg\icg-assignment\main.cpp(271): warning C4244: 'argument': conversion from 'double' to 'GLfloat', possible loss of data
d:\icg\icg-assignment\main.cpp(277): warning C4244: 'argument': conversion from 'double' to 'GLfloat', possible loss of data
d:\icg\icg-assignment\main.cpp(344): warning C4305: 'argument': truncation from 'double' to 'GLclampf'
d:\icg\icg-assignment\main.cpp(452): warning C4018: '<': signed/unsigned mismatch
d:\icg\icg-assignment\main.cpp(453): warning C4018: '<': signed/unsigned mismatch
d:\icg\icg-assignment\main.cpp(465): warning C4244: '=': conversion from 'double' to 'float', possible loss of data
d:\icg\icg-assignment\main.cpp(467): warning C4267: 'argument': conversion from 'size_t' to 'unsigned short', possible loss of data
d:\icg\icg-assignment\main.cpp(471): warning C4018: '<': signed/unsigned mismatch
d:\icg\icg-assignment\geometrymaker.h(151): warning C4244: 'initializing': conversion from 'double' to 'float', possible loss of data
  d:\icg\icg-assignment\main.cpp(292): note: see reference to function template instantiation 'void makeSphere<std::_Vector_iterator<std::_Vector_val<std::_Simple_types<VertexPNTBTG>>>,std::_Vector_iterator<std::_Vector_val<std::_Simple_types<unsigned short>>>>(float,int,int,VtxOutIter,IdxOutIter)' being compiled
          with
          [
              VtxOutIter=std::_Vector_iterator<std::_Vector_val<std::_Simple_types<VertexPNTBTG>>>,
              IdxOutIter=std::_Vector_iterator<std::_Vector_val<std::_Simple_types<unsigned short>>>
          ]
d:\icg\icg-assignment\geometrymaker.h(152): warning C4244: 'initializing': conversion from 'double' to 'float', possible loss of data
d:\icg\icg-assignment\geometrymaker.h(153): warning C4244: 'initializing': conversion from 'double' to 'float', possible loss of data
d:\icg\icg-assignment\geometrymaker.h(156): warning C4244: 'argument': conversion from 'double' to 'const float', possible loss of data
d:\icg\icg-assignment\geometrymaker.h(164): warning C4244: 'argument': conversion from 'double' to 'float', possible loss of data
d:\icg\icg-assignment\geometrymaker.h(40): warning C4244: 'initializing': conversion from 'double' to 'float', possible loss of data
  d:\icg\icg-assignment\main.cpp(308): note: see reference to function template instantiation 'void makePlane<std::_Vector_iterator<std::_Vector_val<std::_Simple_types<VertexPNTBTG>>>,std::_Vector_iterator<std::_Vector_val<std::_Simple_types<unsigned short>>>>(float,VtxOutIter,IdxOutIter)' being compiled
          with
          [
              VtxOutIter=std::_Vector_iterator<std::_Vector_val<std::_Simple_types<VertexPNTBTG>>>,
              IdxOutIter=std::_Vector_iterator<std::_Vector_val<std::_Simple_types<unsigned short>>>
          ]
d:\icg\icg-assignment\geometrymaker.h(60): warning C4244: 'initializing': conversion from 'double' to 'float', possible loss of data
  d:\icg\icg-assignment\main.cpp(324): note: see reference to function template instantiation 'void makeCube<std::_Vector_iterator<std::_Vector_val<std::_Simple_types<VertexPNTBTG>>>,std::_Vector_iterator<std::_Vector_val<std::_Simple_types<unsigned short>>>>(float,VtxOutIter,IdxOutIter)' being compiled
          with
          [
              VtxOutIter=std::_Vector_iterator<std::_Vector_val<std::_Simple_types<VertexPNTBTG>>>,
              IdxOutIter=std::_Vector_iterator<std::_Vector_val<std::_Simple_types<unsigned short>>>
          ]
  TemplateProject.vcxproj -> D:\ICG\ICG-Assignment\Debug\TemplateProject.exe
  TemplateProject.vcxproj -> D:\ICG\ICG-Assignment\Debug\TemplateProject.pdb (Full PDB)
